<?xml version="1.0" encoding="UTF-8"?>
<!-- Generated by org.testng.reporters.JUnitReportReporter -->
<testsuite hostname="DESKTOP-5B3CR12" failures="0" tests="1" name="example.test_hell" time="4.335" errors="0" timestamp="28 Aug 2021 08:53:55 GMT">
  <testcase classname="example.test_hell" name="f" time="4.335"/>
</testsuite> <!-- example.test_hell -->
