<?xml version="1.0" encoding="UTF-8"?>
<!-- Generated by org.testng.reporters.JUnitReportReporter -->
<testsuite hostname="DESKTOP-5B3CR12" failures="0" tests="1" name="tests.Test99GuruLogin" time="1.993" errors="0" timestamp="28 Aug 2021 09:22:57 GMT">
  <testcase classname="tests.Test99GuruLogin" name="test_Home_Page_Appear_Correct" time="1.993"/>
</testsuite> <!-- tests.Test99GuruLogin -->
